#
# A fatal error has been detected by the Java Runtime Environment:
#
#  Internal Error (safepoint.cpp:919), pid=2038, tid=28163
#  fatal error: Illegal threadstate encountered: 4
#
# JRE version: OpenJDK Runtime Environment Temurin-11.0.14.1+1 (11.0.14.1+1) (build 11.0.14.1+1)
# Java VM: OpenJDK 64-Bit Server VM Temurin-11.0.14.1+1 (11.0.14.1+1, mixed mode, tiered, compressed oops, g1 gc, bsd-amd64)
# No core dump will be written. Core dumps have been disabled. To enable core dumping, try "ulimit -c unlimited" before starting Java again
#
# If you would like to submit a bug report, please visit:
#   https://github.com/adoptium/adoptium-support/issues
# The crash happened outside the Java Virtual Machine in native code.
# See problematic frame for where to report the bug.
#

---------------  S U M M A R Y ------------

Command Line: -Dfile.encoding=UTF-8 it.polito.tdp.extflightdelays.Main

Host: MacBookPro12,1 x86_64 2700 MHz, 4 cores, 8G, Darwin 21.3.0
Time: Mon May 23 10:28:55 2022 CEST elapsed time: 7.600779 seconds (0d 0h 0m 7s)

---------------  T H R E A D  ---------------

Current thread (0x00007fa6402d7000):  JavaThread "InvokeLaterDispatcher" daemon [_thread_in_native, id=28163, stack(0x000070000f5b1000,0x000070000f6b1000)]

Stack: [0x000070000f5b1000,0x000070000f6b1000],  sp=0x000070000f6af2d0,  free space=1016k
Native frames: (J=compiled Java code, A=aot compiled Java code, j=interpreted, Vv=VM code, C=native code)
V  [libjvm.dylib+0x7c5ab3]  _ZN7VMError14report_and_dieEiPKcS1_P13__va_list_tagP6ThreadPhPvS7_S1_im+0x601
V  [libjvm.dylib+0x276985]  _Z12report_fatal11VMErrorTypePKciS1_z+0xc0
V  [libjvm.dylib+0x69bc15]  _ZN20SafepointSynchronize5blockEP10JavaThread+0x1d9
V  [libjvm.dylib+0x69d183]  _ZN18SafepointMechanism23block_if_requested_slowEP10JavaThread+0x1d
V  [libjvm.dylib+0x77e5c4]  _ZN10JavaThread44check_safepoint_and_suspend_for_native_transEPS_+0x9c
V  [libjvm.dylib+0x3f36ae]  jni_DeleteGlobalRef+0x93
C  [libglass.dylib+0x8871]  -[GlassRunnable dealloc]+0x31
C  [Foundation+0x80eab]  -[_NSThreadPerformInfo dealloc]+0x2a
C  [Foundation+0x4dcd7]  -[NSObject(NSThreadPerformAdditions) performSelectorOnMainThread:withObject:waitUntilDone:]+0x7c
j  com.sun.glass.ui.mac.MacApplication._submitForLaterInvocation(Ljava/lang/Runnable;)V+0
j  com.sun.glass.ui.mac.MacApplication.submitForLaterInvocation(Ljava/lang/Runnable;)V+2
j  com.sun.glass.ui.InvokeLaterDispatcher.run()V+82
v  ~StubRoutines::call_stub
V  [libjvm.dylib+0x3b7c22]  _ZN9JavaCalls11call_helperEP9JavaValueRK12methodHandleP17JavaCallArgumentsP6Thread+0x1fe
V  [libjvm.dylib+0x3b7088]  _ZN9JavaCalls12call_virtualEP9JavaValueP5KlassP6SymbolS5_P17JavaCallArgumentsP6Thread+0xee
V  [libjvm.dylib+0x3b7144]  _ZN9JavaCalls12call_virtualEP9JavaValue6HandleP5KlassP6SymbolS6_P6Thread+0x62
V  [libjvm.dylib+0x43dfce]  _ZL12thread_entryP10JavaThreadP6Thread+0x78
V  [libjvm.dylib+0x77d03c]  _ZN10JavaThread17thread_main_innerEv+0x82
V  [libjvm.dylib+0x77ce86]  _ZN10JavaThread3runEv+0x122
V  [libjvm.dylib+0x77ada0]  _ZN6Thread8call_runEv+0x68
V  [libjvm.dylib+0x6291d1]  _ZL19thread_native_entryP6Thread+0x139
C  [libsystem_pthread.dylib+0x64f4]  _pthread_start+0x7d
C  [libsystem_pthread.dylib+0x200f]  thread_start+0xf

Java frames: (J=compiled Java code, j=interpreted, Vv=VM code)
j  com.sun.glass.ui.mac.MacApplication._submitForLaterInvocation(Ljava/lang/Runnable;)V+0
j  com.sun.glass.ui.mac.MacApplication.submitForLaterInvocation(Ljava/lang/Runnable;)V+2
j  com.sun.glass.ui.InvokeLaterDispatcher.run()V+82
v  ~StubRoutines::call_stub

---------------  P R O C E S S  ---------------

Threads class SMR info:
_java_thread_list=0x0000600002214140, length=18, elements={
0x00007fa642019800, 0x00007fa64080d000, 0x00007fa64081c000, 0x00007fa64081e000,
0x00007fa640830800, 0x00007fa64002f000, 0x00007fa64002d800, 0x00007fa640831800,
0x00007fa640032000, 0x00007fa640891000, 0x00007fa642228000, 0x00007fa6402d7000,
0x00007fa6409f0000, 0x00007fa6403a6800, 0x00007fa641192000, 0x00007fa6404ee000,
0x00007fa6408c3800, 0x00007fa640c0d800
}

Java Threads: ( => current thread )
  0x00007fa642019800 JavaThread "main" [_thread_blocked, id=6147, stack(0x000070000e275000,0x000070000e375000)]
  0x00007fa64080d000 JavaThread "Reference Handler" daemon [_thread_blocked, id=18435, stack(0x000070000e98a000,0x000070000ea8a000)]
  0x00007fa64081c000 JavaThread "Finalizer" daemon [_thread_blocked, id=14595, stack(0x000070000ea8d000,0x000070000eb8d000)]
  0x00007fa64081e000 JavaThread "Signal Dispatcher" daemon [_thread_blocked, id=16387, stack(0x000070000ec96000,0x000070000ed96000)]
  0x00007fa640830800 JavaThread "Service Thread" daemon [_thread_blocked, id=43267, stack(0x000070000ed99000,0x000070000ee99000)]
  0x00007fa64002f000 JavaThread "C2 CompilerThread0" daemon [_thread_in_vm, id=22531, stack(0x000070000ee9c000,0x000070000ef9c000)]
  0x00007fa64002d800 JavaThread "C1 CompilerThread0" daemon [_thread_blocked, id=23299, stack(0x000070000ef9f000,0x000070000f09f000)]
  0x00007fa640831800 JavaThread "Sweeper thread" daemon [_thread_blocked, id=42499, stack(0x000070000f0a2000,0x000070000f1a2000)]
  0x00007fa640032000 JavaThread "Common-Cleaner" daemon [_thread_blocked, id=24067, stack(0x000070000f2a8000,0x000070000f3a8000)]
  0x00007fa640891000 JavaThread "JavaFX-Launcher" [_thread_blocked, id=41219, stack(0x000070000f3ab000,0x000070000f4ab000)]
  0x00007fa642228000 JavaThread "QuantumRenderer-0" daemon [_thread_blocked, id=24579, stack(0x000070000f4ae000,0x000070000f5ae000)]
=>0x00007fa6402d7000 JavaThread "InvokeLaterDispatcher" daemon [_thread_in_native, id=28163, stack(0x000070000f5b1000,0x000070000f6b1000)]
  0x00007fa6409f0000 JavaThread "JavaFX Application Thread" [_thread_in_native, id=259, stack(0x00007ff7befb7000,0x00007ff7bf7b7000)]
  0x00007fa6403a6800 JavaThread "Thread-3" daemon [_thread_in_native, id=47375, stack(0x000070000f737000,0x000070000f7b7000)]
  0x00007fa641192000 JavaThread "Prism Font Disposer" daemon [_thread_blocked, id=77059, stack(0x000070000fb46000,0x000070000fc46000)]
  0x00007fa6404ee000 JavaThread "Cleaner-0" daemon [_thread_blocked, id=68107, stack(0x000070000fdcf000,0x000070000fecf000)]
  0x00007fa6408c3800 JavaThread "HikariPool-1 housekeeper" daemon [_thread_blocked, id=62235, stack(0x000070000fed2000,0x000070000ffd2000)]
  0x00007fa640c0d800 JavaThread "HikariPool-1 connection adder" daemon [_thread_blocked, id=62731, stack(0x000070000ffd5000,0x00007000100d5000)]

Other Threads:
  0x00007fa641015000 VMThread "VM Thread" [stack: 0x000070000e887000,0x000070000e987000] [id=13571]
  0x00007fa640884800 WatcherThread [stack: 0x000070000f1a5000,0x000070000f2a5000] [id=42243]
  0x00007fa64200e800 GCTaskThread "GC Thread#0" [stack: 0x000070000e378000,0x000070000e478000] [id=11523]
  0x00007fa6403a9800 GCTaskThread "GC Thread#1" [stack: 0x000070000f83d000,0x000070000f93d000] [id=53507]
  0x00007fa640ae1000 GCTaskThread "GC Thread#2" [stack: 0x000070000f940000,0x000070000fa40000] [id=54019]
  0x00007fa6403aa800 GCTaskThread "GC Thread#3" [stack: 0x000070000fa43000,0x000070000fb43000] [id=54531]
  0x00007fa642046800 ConcurrentGCThread "G1 Main Marker" [stack: 0x000070000e47b000,0x000070000e57b000] [id=11779]
  0x00007fa640008800 ConcurrentGCThread "G1 Conc#0" [stack: 0x000070000e57e000,0x000070000e67e000] [id=20227]
  0x00007fa642097000 ConcurrentGCThread "G1 Refine#0" [stack: 0x000070000e681000,0x000070000e781000] [id=12547]
  0x00007fa6411fe000 ConcurrentGCThread "G1 Refine#1" [stack: 0x000070000fc49000,0x000070000fd49000] [id=74759]
  0x00007fa642098000 ConcurrentGCThread "G1 Young RemSet Sampling" [stack: 0x000070000e784000,0x000070000e884000] [id=13059]

Threads with active compile tasks:
C2 CompilerThread0   7635 2667       4       org.mariadb.jdbc.internal.com.read.dao.ColumnNameMap::getIndex (405 bytes)

VM state:not at safepoint (normal execution)

VM Mutex/Monitor currently owned by a thread: None

Heap address: 0x0000000780000000, size: 2048 MB, Compressed Oops mode: Zero based, Oop shift amount: 3
Narrow klass base: 0x0000000800000000, Narrow klass shift: 0
Compressed class space size: 1073741824 Address: 0x0000000800000000

Heap:
 garbage-first heap   total 131072K, used 20014K [0x0000000780000000, 0x0000000800000000)
  region size 1024K, 11 young (11264K), 2 survivors (2048K)
 Metaspace       used 28140K, capacity 29252K, committed 29564K, reserved 1075200K
  class space    used 3552K, capacity 4007K, committed 4096K, reserved 1048576K
Heap Regions: E=young(eden), S=young(survivor), O=old, HS=humongous(starts), HC=humongous(continues), CS=collection set, F=free, A=archive, TAMS=top-at-mark-start (previous, next)
|   0|0x0000000780000000, 0x0000000780100000, 0x0000000780100000|100%| O|  |TAMS 0x0000000780100000, 0x0000000780000000| Untracked 
|   1|0x0000000780100000, 0x0000000780200000, 0x0000000780200000|100%| O|  |TAMS 0x0000000780200000, 0x0000000780100000| Untracked 
|   2|0x0000000780200000, 0x0000000780300000, 0x0000000780300000|100%| O|  |TAMS 0x0000000780300000, 0x0000000780200000| Untracked 
|   3|0x0000000780300000, 0x0000000780400000, 0x0000000780400000|100%| O|  |TAMS 0x0000000780400000, 0x0000000780300000| Untracked 
|   4|0x0000000780400000, 0x0000000780500000, 0x0000000780500000|100%| O|  |TAMS 0x00000007804b6200, 0x0000000780400000| Untracked 
|   5|0x0000000780500000, 0x0000000780500000, 0x0000000780600000|  0%| F|  |TAMS 0x0000000780500000, 0x0000000780500000| Untracked 
|   6|0x0000000780600000, 0x0000000780600000, 0x0000000780700000|  0%| F|  |TAMS 0x0000000780600000, 0x0000000780600000| Untracked 
|   7|0x0000000780700000, 0x0000000780700000, 0x0000000780800000|  0%| F|  |TAMS 0x0000000780700000, 0x0000000780700000| Untracked 
|   8|0x0000000780800000, 0x0000000780900000, 0x0000000780900000|100%|HS|  |TAMS 0x0000000780800000, 0x0000000780800000| Complete 
|   9|0x0000000780900000, 0x0000000780a00000, 0x0000000780a00000|100%|HS|  |TAMS 0x0000000780900000, 0x0000000780900000| Complete 
|  10|0x0000000780a00000, 0x0000000780b00000, 0x0000000780b00000|100%|HC|  |TAMS 0x0000000780a00000, 0x0000000780a00000| Complete 
|  11|0x0000000780b00000, 0x0000000780c00000, 0x0000000780c00000|100%| O|  |TAMS 0x0000000780b00000, 0x0000000780b00000| Untracked 
|  12|0x0000000780c00000, 0x0000000780ccce00, 0x0000000780d00000| 80%| O|  |TAMS 0x0000000780c00000, 0x0000000780c00000| Untracked 
|  13|0x0000000780d00000, 0x0000000780d00000, 0x0000000780e00000|  0%| F|  |TAMS 0x0000000780d00000, 0x0000000780d00000| Untracked 
|  14|0x0000000780e00000, 0x0000000780e00000, 0x0000000780f00000|  0%| F|  |TAMS 0x0000000780e00000, 0x0000000780e00000| Untracked 
|  15|0x0000000780f00000, 0x0000000780f00000, 0x0000000781000000|  0%| F|  |TAMS 0x0000000780f00000, 0x0000000780f00000| Untracked 
|  16|0x0000000781000000, 0x0000000781000000, 0x0000000781100000|  0%| F|  |TAMS 0x0000000781000000, 0x0000000781000000| Untracked 
|  17|0x0000000781100000, 0x0000000781100000, 0x0000000781200000|  0%| F|  |TAMS 0x0000000781100000, 0x0000000781100000| Untracked 
|  18|0x0000000781200000, 0x0000000781200000, 0x0000000781300000|  0%| F|  |TAMS 0x0000000781200000, 0x0000000781200000| Untracked 
|  19|0x0000000781300000, 0x0000000781300000, 0x0000000781400000|  0%| F|  |TAMS 0x0000000781300000, 0x0000000781300000| Untracked 
|  20|0x0000000781400000, 0x0000000781400000, 0x0000000781500000|  0%| F|  |TAMS 0x0000000781400000, 0x0000000781400000| Untracked 
|  21|0x0000000781500000, 0x0000000781500000, 0x0000000781600000|  0%| F|  |TAMS 0x0000000781500000, 0x0000000781500000| Untracked 
|  22|0x0000000781600000, 0x0000000781600000, 0x0000000781700000|  0%| F|  |TAMS 0x0000000781600000, 0x0000000781600000| Untracked 
|  23|0x0000000781700000, 0x0000000781700000, 0x0000000781800000|  0%| F|  |TAMS 0x0000000781700000, 0x0000000781700000| Untracked 
|  24|0x0000000781800000, 0x0000000781800000, 0x0000000781900000|  0%| F|  |TAMS 0x0000000781800000, 0x0000000781800000| Untracked 
|  25|0x0000000781900000, 0x0000000781900000, 0x0000000781a00000|  0%| F|  |TAMS 0x0000000781900000, 0x0000000781900000| Untracked 
|  26|0x0000000781a00000, 0x0000000781a00000, 0x0000000781b00000|  0%| F|  |TAMS 0x0000000781a00000, 0x0000000781a00000| Untracked 
|  27|0x0000000781b00000, 0x0000000781b00000, 0x0000000781c00000|  0%| F|  |TAMS 0x0000000781b00000, 0x0000000781b00000| Untracked 
|  28|0x0000000781c00000, 0x0000000781c00000, 0x0000000781d00000|  0%| F|  |TAMS 0x0000000781c00000, 0x0000000781c00000| Untracked 
|  29|0x0000000781d00000, 0x0000000781d00000, 0x0000000781e00000|  0%| F|  |TAMS 0x0000000781d00000, 0x0000000781d00000| Untracked 
|  30|0x0000000781e00000, 0x0000000781e00000, 0x0000000781f00000|  0%| F|  |TAMS 0x0000000781e00000, 0x0000000781e00000| Untracked 
|  31|0x0000000781f00000, 0x0000000781f00000, 0x0000000782000000|  0%| F|  |TAMS 0x0000000781f00000, 0x0000000781f00000| Untracked 
|  32|0x0000000782000000, 0x0000000782000000, 0x0000000782100000|  0%| F|  |TAMS 0x0000000782000000, 0x0000000782000000| Untracked 
|  33|0x0000000782100000, 0x0000000782100000, 0x0000000782200000|  0%| F|  |TAMS 0x0000000782100000, 0x0000000782100000| Untracked 
|  34|0x0000000782200000, 0x0000000782200000, 0x0000000782300000|  0%| F|  |TAMS 0x0000000782200000, 0x0000000782200000| Untracked 
|  35|0x0000000782300000, 0x0000000782300000, 0x0000000782400000|  0%| F|  |TAMS 0x0000000782300000, 0x0000000782300000| Untracked 
|  36|0x0000000782400000, 0x0000000782400000, 0x0000000782500000|  0%| F|  |TAMS 0x0000000782400000, 0x0000000782400000| Untracked 
|  37|0x0000000782500000, 0x0000000782500000, 0x0000000782600000|  0%| F|  |TAMS 0x0000000782500000, 0x0000000782500000| Untracked 
|  38|0x0000000782600000, 0x0000000782600000, 0x0000000782700000|  0%| F|  |TAMS 0x0000000782600000, 0x0000000782600000| Untracked 
|  39|0x0000000782700000, 0x0000000782700000, 0x0000000782800000|  0%| F|  |TAMS 0x0000000782700000, 0x0000000782700000| Untracked 
|  40|0x0000000782800000, 0x0000000782800000, 0x0000000782900000|  0%| F|  |TAMS 0x0000000782800000, 0x0000000782800000| Untracked 
|  41|0x0000000782900000, 0x0000000782900000, 0x0000000782a00000|  0%| F|  |TAMS 0x0000000782900000, 0x0000000782900000| Untracked 
|  42|0x0000000782a00000, 0x0000000782a00000, 0x0000000782b00000|  0%| F|  |TAMS 0x0000000782a00000, 0x0000000782a00000| Untracked 
|  43|0x0000000782b00000, 0x0000000782b00000, 0x0000000782c00000|  0%| F|  |TAMS 0x0000000782b00000, 0x0000000782b00000| Untracked 
|  44|0x0000000782c00000, 0x0000000782c00000, 0x0000000782d00000|  0%| F|  |TAMS 0x0000000782c00000, 0x0000000782c00000| Untracked 
|  45|0x0000000782d00000, 0x0000000782d00000, 0x0000000782e00000|  0%| F|  |TAMS 0x0000000782d00000, 0x0000000782d00000| Untracked 
|  46|0x0000000782e00000, 0x0000000782e00000, 0x0000000782f00000|  0%| F|  |TAMS 0x0000000782e00000, 0x0000000782e00000| Untracked 
|  47|0x0000000782f00000, 0x0000000782f00000, 0x0000000783000000|  0%| F|  |TAMS 0x0000000782f00000, 0x0000000782f00000| Untracked 
|  48|0x0000000783000000, 0x0000000783000000, 0x0000000783100000|  0%| F|  |TAMS 0x0000000783000000, 0x0000000783000000| Untracked 
|  49|0x0000000783100000, 0x0000000783100000, 0x0000000783200000|  0%| F|  |TAMS 0x0000000783100000, 0x0000000783100000| Untracked 
|  50|0x0000000783200000, 0x0000000783200000, 0x0000000783300000|  0%| F|  |TAMS 0x0000000783200000, 0x0000000783200000| Untracked 
|  51|0x0000000783300000, 0x0000000783300000, 0x0000000783400000|  0%| F|  |TAMS 0x0000000783300000, 0x0000000783300000| Untracked 
|  52|0x0000000783400000, 0x0000000783400000, 0x0000000783500000|  0%| F|  |TAMS 0x0000000783400000, 0x0000000783400000| Untracked 
|  53|0x0000000783500000, 0x0000000783500000, 0x0000000783600000|  0%| F|  |TAMS 0x0000000783500000, 0x0000000783500000| Untracked 
|  54|0x0000000783600000, 0x0000000783600000, 0x0000000783700000|  0%| F|  |TAMS 0x0000000783600000, 0x0000000783600000| Untracked 
|  55|0x0000000783700000, 0x0000000783700000, 0x0000000783800000|  0%| F|  |TAMS 0x0000000783700000, 0x0000000783700000| Untracked 
|  56|0x0000000783800000, 0x0000000783800000, 0x0000000783900000|  0%| F|  |TAMS 0x0000000783800000, 0x0000000783800000| Untracked 
|  57|0x0000000783900000, 0x0000000783900000, 0x0000000783a00000|  0%| F|  |TAMS 0x0000000783900000, 0x0000000783900000| Untracked 
|  58|0x0000000783a00000, 0x0000000783a00000, 0x0000000783b00000|  0%| F|  |TAMS 0x0000000783a00000, 0x0000000783a00000| Untracked 
|  59|0x0000000783b00000, 0x0000000783b00000, 0x0000000783c00000|  0%| F|  |TAMS 0x0000000783b00000, 0x0000000783b00000| Untracked 
|  60|0x0000000783c00000, 0x0000000783c00000, 0x0000000783d00000|  0%| F|  |TAMS 0x0000000783c00000, 0x0000000783c00000| Untracked 
|  61|0x0000000783d00000, 0x0000000783d00000, 0x0000000783e00000|  0%| F|  |TAMS 0x0000000783d00000, 0x0000000783d00000| Untracked 
|  62|0x0000000783e00000, 0x0000000783e00000, 0x0000000783f00000|  0%| F|  |TAMS 0x0000000783e00000, 0x0000000783e00000| Untracked 
|  63|0x0000000783f00000, 0x0000000783f00000, 0x0000000784000000|  0%| F|  |TAMS 0x0000000783f00000, 0x0000000783f00000| Untracked 
|  64|0x0000000784000000, 0x0000000784000000, 0x0000000784100000|  0%| F|  |TAMS 0x0000000784000000, 0x0000000784000000| Untracked 
|  65|0x0000000784100000, 0x0000000784100000, 0x0000000784200000|  0%| F|  |TAMS 0x0000000784100000, 0x0000000784100000| Untracked 
|  66|0x0000000784200000, 0x0000000784200000, 0x0000000784300000|  0%| F|  |TAMS 0x0000000784200000, 0x0000000784200000| Untracked 
|  67|0x0000000784300000, 0x0000000784300000, 0x0000000784400000|  0%| F|  |TAMS 0x0000000784300000, 0x0000000784300000| Untracked 
|  68|0x0000000784400000, 0x0000000784400000, 0x0000000784500000|  0%| F|  |TAMS 0x0000000784400000, 0x0000000784400000| Untracked 
|  69|0x0000000784500000, 0x0000000784500000, 0x0000000784600000|  0%| F|  |TAMS 0x0000000784500000, 0x0000000784500000| Untracked 
|  70|0x0000000784600000, 0x0000000784600000, 0x0000000784700000|  0%| F|  |TAMS 0x0000000784600000, 0x0000000784600000| Untracked 
|  71|0x0000000784700000, 0x0000000784700000, 0x0000000784800000|  0%| F|  |TAMS 0x0000000784700000, 0x0000000784700000| Untracked 
|  72|0x0000000784800000, 0x0000000784800000, 0x0000000784900000|  0%| F|  |TAMS 0x0000000784800000, 0x0000000784800000| Untracked 
|  73|0x0000000784900000, 0x0000000784900000, 0x0000000784a00000|  0%| F|  |TAMS 0x0000000784900000, 0x0000000784900000| Untracked 
|  74|0x0000000784a00000, 0x0000000784a00000, 0x0000000784b00000|  0%| F|  |TAMS 0x0000000784a00000, 0x0000000784a00000| Untracked 
|  75|0x0000000784b00000, 0x0000000784b00000, 0x0000000784c00000|  0%| F|  |TAMS 0x0000000784b00000, 0x0000000784b00000| Untracked 
|  76|0x0000000784c00000, 0x0000000784c00000, 0x0000000784d00000|  0%| F|  |TAMS 0x0000000784c00000, 0x0000000784c00000| Untracked 
|  77|0x0000000784d00000, 0x0000000784d00000, 0x0000000784e00000|  0%| F|  |TAMS 0x0000000784d00000, 0x0000000784d00000| Untracked 
|  78|0x0000000784e00000, 0x0000000784e00000, 0x0000000784f00000|  0%| F|  |TAMS 0x0000000784e00000, 0x0000000784e00000| Untracked 
|  79|0x0000000784f00000, 0x0000000784f00000, 0x0000000785000000|  0%| F|  |TAMS 0x0000000784f00000, 0x0000000784f00000| Untracked 
|  80|0x0000000785000000, 0x0000000785000000, 0x0000000785100000|  0%| F|  |TAMS 0x0000000785000000, 0x0000000785000000| Untracked 
|  81|0x0000000785100000, 0x0000000785100000, 0x0000000785200000|  0%| F|  |TAMS 0x0000000785100000, 0x0000000785100000| Untracked 
|  82|0x0000000785200000, 0x0000000785200000, 0x0000000785300000|  0%| F|  |TAMS 0x0000000785200000, 0x0000000785200000| Untracked 
|  83|0x0000000785300000, 0x0000000785300000, 0x0000000785400000|  0%| F|  |TAMS 0x0000000785300000, 0x0000000785300000| Untracked 
|  84|0x0000000785400000, 0x0000000785400000, 0x0000000785500000|  0%| F|  |TAMS 0x0000000785400000, 0x0000000785400000| Untracked 
|  85|0x0000000785500000, 0x0000000785500000, 0x0000000785600000|  0%| F|  |TAMS 0x0000000785500000, 0x0000000785500000| Untracked 
|  86|0x0000000785600000, 0x0000000785600000, 0x0000000785700000|  0%| F|  |TAMS 0x0000000785600000, 0x0000000785600000| Untracked 
|  87|0x0000000785700000, 0x0000000785700000, 0x0000000785800000|  0%| F|  |TAMS 0x0000000785700000, 0x0000000785700000| Untracked 
|  88|0x0000000785800000, 0x0000000785800000, 0x0000000785900000|  0%| F|  |TAMS 0x0000000785800000, 0x0000000785800000| Untracked 
|  89|0x0000000785900000, 0x0000000785900000, 0x0000000785a00000|  0%| F|  |TAMS 0x0000000785900000, 0x0000000785900000| Untracked 
|  90|0x0000000785a00000, 0x0000000785a00000, 0x0000000785b00000|  0%| F|  |TAMS 0x0000000785a00000, 0x0000000785a00000| Untracked 
|  91|0x0000000785b00000, 0x0000000785b00000, 0x0000000785c00000|  0%| F|  |TAMS 0x0000000785b00000, 0x0000000785b00000| Untracked 
|  92|0x0000000785c00000, 0x0000000785c00000, 0x0000000785d00000|  0%| F|  |TAMS 0x0000000785c00000, 0x0000000785c00000| Untracked 
|  93|0x0000000785d00000, 0x0000000785d00000, 0x0000000785e00000|  0%| F|  |TAMS 0x0000000785d00000, 0x0000000785d00000| Untracked 
|  94|0x0000000785e00000, 0x0000000785e00000, 0x0000000785f00000|  0%| F|  |TAMS 0x0000000785e00000, 0x0000000785e00000| Untracked 
|  95|0x0000000785f00000, 0x0000000785f00000, 0x0000000786000000|  0%| F|  |TAMS 0x0000000785f00000, 0x0000000785f00000| Untracked 
|  96|0x0000000786000000, 0x0000000786000000, 0x0000000786100000|  0%| F|  |TAMS 0x0000000786000000, 0x0000000786000000| Untracked 
|  97|0x0000000786100000, 0x0000000786100000, 0x0000000786200000|  0%| F|  |TAMS 0x0000000786100000, 0x0000000786100000| Untracked 
|  98|0x0000000786200000, 0x0000000786200000, 0x0000000786300000|  0%| F|  |TAMS 0x0000000786200000, 0x0000000786200000| Untracked 
|  99|0x0000000786300000, 0x0000000786300000, 0x0000000786400000|  0%| F|  |TAMS 0x0000000786300000, 0x0000000786300000| Untracked 
| 100|0x0000000786400000, 0x0000000786400000, 0x0000000786500000|  0%| F|  |TAMS 0x0000000786400000, 0x0000000786400000| Untracked 
| 101|0x0000000786500000, 0x0000000786500000, 0x0000000786600000|  0%| F|  |TAMS 0x0000000786500000, 0x0000000786500000| Untracked 
| 102|0x0000000786600000, 0x0000000786600000, 0x0000000786700000|  0%| F|  |TAMS 0x0000000786600000, 0x0000000786600000| Untracked 
| 103|0x0000000786700000, 0x0000000786700000, 0x0000000786800000|  0%| F|  |TAMS 0x0000000786700000, 0x0000000786700000| Untracked 
| 104|0x0000000786800000, 0x0000000786800000, 0x0000000786900000|  0%| F|  |TAMS 0x0000000786800000, 0x0000000786800000| Untracked 
| 105|0x0000000786900000, 0x0000000786900000, 0x0000000786a00000|  0%| F|  |TAMS 0x0000000786900000, 0x0000000786900000| Untracked 
| 106|0x0000000786a00000, 0x0000000786a00000, 0x0000000786b00000|  0%| F|  |TAMS 0x0000000786a00000, 0x0000000786a00000| Untracked 
| 107|0x0000000786b00000, 0x0000000786b00000, 0x0000000786c00000|  0%| F|  |TAMS 0x0000000786b00000, 0x0000000786b00000| Untracked 
| 108|0x0000000786c00000, 0x0000000786c00000, 0x0000000786d00000|  0%| F|  |TAMS 0x0000000786c00000, 0x0000000786c00000| Untracked 
| 109|0x0000000786d00000, 0x0000000786d00000, 0x0000000786e00000|  0%| F|  |TAMS 0x0000000786d00000, 0x0000000786d00000| Untracked 
| 110|0x0000000786e00000, 0x0000000786ebebe0, 0x0000000786f00000| 74%| S|CS|TAMS 0x0000000786e00000, 0x0000000786e00000| Complete 
| 111|0x0000000786f00000, 0x0000000787000000, 0x0000000787000000|100%| S|CS|TAMS 0x0000000786f00000, 0x0000000786f00000| Complete 
| 112|0x0000000787000000, 0x0000000787000000, 0x0000000787100000|  0%| F|  |TAMS 0x0000000787000000, 0x0000000787000000| Untracked 
| 113|0x0000000787100000, 0x0000000787100000, 0x0000000787200000|  0%| F|  |TAMS 0x0000000787100000, 0x0000000787100000| Untracked 
| 114|0x0000000787200000, 0x0000000787200000, 0x0000000787300000|  0%| F|  |TAMS 0x0000000787200000, 0x0000000787200000| Untracked 
| 115|0x0000000787300000, 0x0000000787300000, 0x0000000787400000|  0%| F|  |TAMS 0x0000000787300000, 0x0000000787300000| Untracked 
| 116|0x0000000787400000, 0x0000000787400000, 0x0000000787500000|  0%| F|  |TAMS 0x0000000787400000, 0x0000000787400000| Untracked 
| 117|0x0000000787500000, 0x0000000787500000, 0x0000000787600000|  0%| F|  |TAMS 0x0000000787500000, 0x0000000787500000| Untracked 
| 118|0x0000000787600000, 0x0000000787600000, 0x0000000787700000|  0%| F|  |TAMS 0x0000000787600000, 0x0000000787600000| Untracked 
| 119|0x0000000787700000, 0x00000007877ed738, 0x0000000787800000| 92%| E|  |TAMS 0x0000000787700000, 0x0000000787700000| Complete 
| 120|0x0000000787800000, 0x0000000787900000, 0x0000000787900000|100%| E|CS|TAMS 0x0000000787800000, 0x0000000787800000| Complete 
| 121|0x0000000787900000, 0x0000000787a00000, 0x0000000787a00000|100%| E|CS|TAMS 0x0000000787900000, 0x0000000787900000| Complete 
| 122|0x0000000787a00000, 0x0000000787b00000, 0x0000000787b00000|100%| E|CS|TAMS 0x0000000787a00000, 0x0000000787a00000| Complete 
| 123|0x0000000787b00000, 0x0000000787c00000, 0x0000000787c00000|100%| E|CS|TAMS 0x0000000787b00000, 0x0000000787b00000| Complete 
| 124|0x0000000787c00000, 0x0000000787d00000, 0x0000000787d00000|100%| E|CS|TAMS 0x0000000787c00000, 0x0000000787c00000| Complete 
| 125|0x0000000787d00000, 0x0000000787e00000, 0x0000000787e00000|100%| E|CS|TAMS 0x0000000787d00000, 0x0000000787d00000| Complete 
| 126|0x0000000787e00000, 0x0000000787f00000, 0x0000000787f00000|100%| E|CS|TAMS 0x0000000787e00000, 0x0000000787e00000| Complete 
| 127|0x0000000787f00000, 0x0000000788000000, 0x0000000788000000|100%| E|CS|TAMS 0x0000000787f00000, 0x0000000787f00000| Complete 

Card table byte_map: [0x0000000100f17000,0x0000000101317000] _byte_map_base: 0x00000000fd317000

Marking Bits (Prev, Next): (CMBitMap*) 0x00007fa64203da50, (CMBitMap*) 0x00007fa64203da18
 Prev Bits: [0x000000011c74c000, 0x000000011e74c000)
 Next Bits: [0x0000000102823000, 0x0000000104823000)

Polling page: 0x0000000100888000

Metaspace:

Usage:
  Non-class:     24.65 MB capacity,    24.01 MB ( 97%) used,   531.03 KB (  2%) free+waste,   125.81 KB ( <1%) overhead. 
      Class:      3.91 MB capacity,     3.47 MB ( 89%) used,   392.04 KB ( 10%) free+waste,    62.94 KB (  2%) overhead. 
       Both:     28.57 MB capacity,    27.48 MB ( 96%) used,   923.07 KB (  3%) free+waste,   188.75 KB ( <1%) overhead. 

Virtual space:
  Non-class space:       26.00 MB reserved,      24.87 MB ( 96%) committed 
      Class space:        1.00 GB reserved,       4.00 MB ( <1%) committed 
             Both:        1.03 GB reserved,      28.87 MB (  3%) committed 

Chunk freelists:
   Non-Class:  147.00 KB
       Class:  25.00 KB
        Both:  172.00 KB

MaxMetaspaceSize: unlimited
CompressedClassSpaceSize: 1.00 GB
Initial GC threshold: 20.80 MB
Current GC threshold: 35.20 MB
CDS: off

CodeHeap 'non-profiled nmethods': size=120032Kb used=1190Kb max_used=1190Kb free=118841Kb
 bounds [0x0000000115214000, 0x0000000115484000, 0x000000011c74c000]
CodeHeap 'profiled nmethods': size=120032Kb used=5030Kb max_used=5030Kb free=115001Kb
 bounds [0x000000010dcdc000, 0x000000010e1cc000, 0x0000000115214000]
CodeHeap 'non-nmethods': size=5696Kb used=1453Kb max_used=1503Kb free=4242Kb
 bounds [0x000000010d74c000, 0x000000010d9bc000, 0x000000010dcdc000]
 total_blobs=3484 nmethods=2689 adapters=708
 compilation: enabled
              stopped_count=0, restarted_count=0
 full_count=0

Compilation events (20 events):
Event: 7.563 Thread 0x00007fa64002d800 2708       1       com.sun.javafx.text.TextLine::getBounds (5 bytes)
Event: 7.563 Thread 0x00007fa64002d800 nmethod 2708 0x000000011533a410 code [0x000000011533a5c0, 0x000000011533a670]
Event: 7.563 Thread 0x00007fa64002d800 2703       1       javafx.scene.layout.CornerRadii::isBottomRightVerticalRadiusAsPercentage (5 bytes)
Event: 7.563 Thread 0x00007fa64002d800 nmethod 2703 0x000000011533a710 code [0x000000011533a8c0, 0x000000011533a970]
Event: 7.563 Thread 0x00007fa64002d800 2704       1       javafx.scene.layout.CornerRadii::isBottomLeftVerticalRadiusAsPercentage (5 bytes)
Event: 7.563 Thread 0x00007fa64002d800 nmethod 2704 0x000000011533aa10 code [0x000000011533abc0, 0x000000011533ac70]
Event: 7.563 Thread 0x00007fa64002d800 2705       1       javafx.scene.layout.CornerRadii::isBottomLeftHorizontalRadiusAsPercentage (5 bytes)
Event: 7.563 Thread 0x00007fa64002d800 nmethod 2705 0x000000011533ad10 code [0x000000011533aec0, 0x000000011533af70]
Event: 7.563 Thread 0x00007fa64002d800 2709       1       javafx.scene.Scene::isDepthBuffer (5 bytes)
Event: 7.563 Thread 0x00007fa64002d800 nmethod 2709 0x000000011533b010 code [0x000000011533b1c0, 0x000000011533b270]
Event: 7.563 Thread 0x00007fa64002d800 2710       1       javafx.scene.input.MouseEvent::getClickCount (5 bytes)
Event: 7.563 Thread 0x00007fa64002d800 nmethod 2710 0x000000011533b310 code [0x000000011533b4c0, 0x000000011533b570]
Event: 7.564 Thread 0x00007fa64002f000 nmethod 2668 0x000000011533b610 code [0x000000011533b7c0, 0x000000011533bad8]
Event: 7.564 Thread 0x00007fa64002f000 2680       4       it.polito.tdp.extflightdelays.model.Airport::hashCode (17 bytes)
Event: 7.565 Thread 0x00007fa64002f000 nmethod 2680 0x000000011533bd90 code [0x000000011533bf20, 0x000000011533bf98]
Event: 7.565 Thread 0x00007fa64002f000 2692       4       java.util.Objects::equals (23 bytes)
Event: 7.566 Thread 0x00007fa64002f000 nmethod 2692 0x000000011533c090 code [0x000000011533c220, 0x000000011533c2b8]
Event: 7.566 Thread 0x00007fa64002f000 2667       4       org.mariadb.jdbc.internal.com.read.dao.ColumnNameMap::getIndex (405 bytes)
Event: 7.568 Thread 0x00007fa64002d800 2720       3       com.sun.marlin.DRenderer::_endRendering (2473 bytes)
Event: 7.595 Thread 0x00007fa64002d800 nmethod 2720 0x000000010e1b7c90 code [0x000000010e1b82c0, 0x000000010e1bc700]

GC Heap History (8 events):
Event: 1.257 GC heap before
{Heap before GC invocations=0 (full 0):
 garbage-first heap   total 131072K, used 14336K [0x0000000780000000, 0x0000000800000000)
  region size 1024K, 14 young (14336K), 0 survivors (0K)
 Metaspace       used 10302K, capacity 10577K, committed 11008K, reserved 1058816K
  class space    used 1034K, capacity 1170K, committed 1280K, reserved 1048576K
}
Event: 1.262 GC heap after
{Heap after GC invocations=1 (full 0):
 garbage-first heap   total 131072K, used 2706K [0x0000000780000000, 0x0000000800000000)
  region size 1024K, 2 young (2048K), 2 survivors (2048K)
 Metaspace       used 10302K, capacity 10577K, committed 11008K, reserved 1058816K
  class space    used 1034K, capacity 1170K, committed 1280K, reserved 1048576K
}
Event: 3.235 GC heap before
{Heap before GC invocations=1 (full 0):
 garbage-first heap   total 131072K, used 32402K [0x0000000780000000, 0x0000000800000000)
  region size 1024K, 31 young (31744K), 2 survivors (2048K)
 Metaspace       used 20400K, capacity 21072K, committed 21120K, reserved 1067008K
  class space    used 2621K, capacity 2908K, committed 2944K, reserved 1048576K
}
Event: 3.246 GC heap after
{Heap after GC invocations=2 (full 0):
 garbage-first heap   total 131072K, used 6662K [0x0000000780000000, 0x0000000800000000)
  region size 1024K, 4 young (4096K), 4 survivors (4096K)
 Metaspace       used 20400K, capacity 21072K, committed 21120K, reserved 1067008K
  class space    used 2621K, capacity 2908K, committed 2944K, reserved 1048576K
}
Event: 3.252 GC heap before
{Heap before GC invocations=2 (full 0):
 garbage-first heap   total 131072K, used 6662K [0x0000000780000000, 0x0000000800000000)
  region size 1024K, 5 young (5120K), 4 survivors (4096K)
 Metaspace       used 20486K, capacity 21168K, committed 21296K, reserved 1067008K
  class space    used 2662K, capacity 2940K, committed 2944K, reserved 1048576K
}
Event: 3.262 GC heap after
{Heap after GC invocations=3 (full 0):
 garbage-first heap   total 131072K, used 7211K [0x0000000780000000, 0x0000000800000000)
  region size 1024K, 3 young (3072K), 3 survivors (3072K)
 Metaspace       used 20486K, capacity 21168K, committed 21296K, reserved 1067008K
  class space    used 2662K, capacity 2940K, committed 2944K, reserved 1048576K
}
Event: 6.030 GC heap before
{Heap before GC invocations=4 (full 0):
 garbage-first heap   total 131072K, used 26667K [0x0000000780000000, 0x0000000800000000)
  region size 1024K, 16 young (16384K), 3 survivors (3072K)
 Metaspace       used 24364K, capacity 25444K, committed 25596K, reserved 1071104K
  class space    used 3198K, capacity 3652K, committed 3712K, reserved 1048576K
}
Event: 6.038 GC heap after
{Heap after GC invocations=5 (full 0):
 garbage-first heap   total 131072K, used 11822K [0x0000000780000000, 0x0000000800000000)
  region size 1024K, 2 young (2048K), 2 survivors (2048K)
 Metaspace       used 24364K, capacity 25444K, committed 25596K, reserved 1071104K
  class space    used 3198K, capacity 3652K, committed 3712K, reserved 1048576K
}

Deoptimization events (20 events):
Event: 6.521 Thread 0x00007fa6409f0000 DEOPT PACKING pc=0x0000000115277ed0 sp=0x00007ff7bf7ae4e0
Event: 6.521 Thread 0x00007fa6409f0000 DEOPT UNPACKING pc=0x000000010d795ea5 sp=0x00007ff7bf7ae480 mode 2
Event: 6.522 Thread 0x00007fa6409f0000 Uncommon trap: trap_request=0xffffffde fr.pc=0x0000000115277ed0 relative=0x0000000000000d10
Event: 6.522 Thread 0x00007fa6409f0000 Uncommon trap: reason=class_check action=maybe_recompile pc=0x0000000115277ed0 method=java.util.HashMap.putVal(ILjava/lang/Object;Ljava/lang/Object;ZZ)Ljava/lang/Object; @ 203 c2
Event: 6.522 Thread 0x00007fa6409f0000 DEOPT PACKING pc=0x0000000115277ed0 sp=0x00007ff7bf7ae460
Event: 6.522 Thread 0x00007fa6409f0000 DEOPT UNPACKING pc=0x000000010d795ea5 sp=0x00007ff7bf7ae400 mode 2
Event: 6.523 Thread 0x00007fa6409f0000 Uncommon trap: trap_request=0xffffffde fr.pc=0x0000000115277ed0 relative=0x0000000000000d10
Event: 6.523 Thread 0x00007fa6409f0000 Uncommon trap: reason=class_check action=maybe_recompile pc=0x0000000115277ed0 method=java.util.HashMap.putVal(ILjava/lang/Object;Ljava/lang/Object;ZZ)Ljava/lang/Object; @ 203 c2
Event: 6.523 Thread 0x00007fa6409f0000 DEOPT PACKING pc=0x0000000115277ed0 sp=0x00007ff7bf7ae480
Event: 6.523 Thread 0x00007fa6409f0000 DEOPT UNPACKING pc=0x000000010d795ea5 sp=0x00007ff7bf7ae420 mode 2
Event: 6.530 Thread 0x00007fa6409f0000 DEOPT PACKING pc=0x000000010def3986 sp=0x00007ff7bf7ae380
Event: 6.530 Thread 0x00007fa6409f0000 DEOPT UNPACKING pc=0x000000010d79664a sp=0x00007ff7bf7ad898 mode 0
Event: 7.536 Thread 0x00007fa6409f0000 Uncommon trap: trap_request=0xffffff64 fr.pc=0x000000011532b2dc relative=0x0000000000005fdc
Event: 7.536 Thread 0x00007fa6409f0000 Uncommon trap: reason=speculate_null_check action=make_not_entrant pc=0x000000011532b2dc method=javafx.scene.CssStyleHelper.resolveRef(Ljavafx/css/Styleable;Ljava/lang/String;Lcom/sun/javafx/css/StyleMap;Ljava/util/Set;)Lcom/sun/javafx/css/CascadingStyle;
Event: 7.536 Thread 0x00007fa6409f0000 DEOPT PACKING pc=0x000000011532b2dc sp=0x00007ff7bf7afb00
Event: 7.536 Thread 0x00007fa6409f0000 DEOPT UNPACKING pc=0x000000010d795ea5 sp=0x00007ff7bf7afac8 mode 2
Event: 7.565 Thread 0x00007fa642228000 Uncommon trap: trap_request=0xffffff4d fr.pc=0x0000000115301008 relative=0x0000000000001dc8
Event: 7.565 Thread 0x00007fa642228000 Uncommon trap: reason=unstable_if action=reinterpret pc=0x0000000115301008 method=com.sun.marlin.DRenderer._endRendering(IILcom/sun/marlin/MarlinAlphaConsumer;)V @ 1978 c2
Event: 7.565 Thread 0x00007fa642228000 DEOPT PACKING pc=0x0000000115301008 sp=0x000070000f5ac310
Event: 7.565 Thread 0x00007fa642228000 DEOPT UNPACKING pc=0x000000010d795ea5 sp=0x000070000f5ac1a8 mode 2

Classes redefined (0 events):
No events

Internal exceptions (20 events):
Event: 1.608 Thread 0x00007fa6409f0000 Exception <a 'java/lang/NoSuchMethodError'{0x00000007879053d0}: 'java.lang.Object java.lang.invoke.Invokers$Holder.linkToTargetMethod(java.lang.Object, int, java.lang.Object, java.lang.Object)'> (0x00000007879053d0) thrown at [./src/hotspot/share/interpreter/linkResolver.cpp, line 773]
Event: 1.901 Thread 0x00007fa6409f0000 Exception <a 'java/lang/NoSuchMethodError'{0x00000007874056f0}: 'void java.lang.invoke.DirectMethodHandle$Holder.invokeStaticInit(java.lang.Object, java.lang.Object)'> (0x00000007874056f0) thrown at [./src/hotspot/share/interpreter/linkResolver.cpp, line 773]
Event: 1.932 Thread 0x00007fa6409f0000 Exception <a 'java/lang/NoSuchMethodError'{0x0000000787473340}: 'void java.lang.invoke.DirectMethodHandle$Holder.invokeSpecial(java.lang.Object, java.lang.Object, java.lang.Object, java.lang.Object)'> (0x0000000787473340) thrown at [./src/hotspot/share/interpreter/linkResolver.cpp, line 773]
Event: 2.488 Thread 0x00007fa6409f0000 Exception <a 'java/lang/NoSuchMethodError'{0x0000000786f40e30}: 'java.lang.Object java.lang.invoke.Invokers$Holder.linkToTargetMethod(java.lang.Object, int, java.lang.Object)'> (0x0000000786f40e30) thrown at [./src/hotspot/share/interpreter/linkResolver.cpp, line 773]
Event: 2.780 Thread 0x00007fa6409f0000 Implicit null exception at 0x000000011526c575 to 0x000000011526c768
Event: 3.159 Thread 0x00007fa6409f0000 Exception <a 'java/lang/NoSuchMethodError'{0x00000007863f24a8}: 'java.lang.Object java.lang.invoke.DirectMethodHandle$Holder.invokeInterface(java.lang.Object, java.lang.Object, java.lang.Object)'> (0x00000007863f24a8) thrown at [./src/hotspot/share/interpreter/linkResolver.cpp, line 773]
Event: 3.160 Thread 0x00007fa6409f0000 Exception <a 'java/lang/IncompatibleClassChangeError'{0x00000007863f5660}: Found class java.lang.Object, but interface was expected> (0x00000007863f5660) thrown at [./src/hotspot/share/interpreter/linkResolver.cpp, line 839]
Event: 3.345 Thread 0x00007fa6409f0000 Exception <a 'java/lang/NoSuchMethodError'{0x0000000787a37cb8}: 'void java.lang.invoke.DirectMethodHandle$Holder.invokeSpecialIFC(java.lang.Object, java.lang.Object, java.lang.Object, java.lang.Object)'> (0x0000000787a37cb8) thrown at [./src/hotspot/share/interpreter/linkResolver.cpp, line 773]
Event: 3.530 Thread 0x00007fa6409f0000 Exception <a 'java/lang/NoSuchMethodError'{0x00000007877f6ee8}: 'java.lang.Object java.lang.invoke.Invokers$Holder.linkToTargetMethod(java.lang.Object, int, int, java.lang.Object)'> (0x00000007877f6ee8) thrown at [./src/hotspot/share/interpreter/linkResolver.cpp, line 773]
Event: 3.697 Thread 0x00007fa6409f0000 Exception <a 'java/lang/NoSuchMethodError'{0x00000007875a82b0}: 'long java.lang.invoke.DirectMethodHandle$Holder.invokeStaticInit(java.lang.Object, java.lang.Object, java.lang.Object)'> (0x00000007875a82b0) thrown at [./src/hotspot/share/interpreter/linkResolver.cpp, line 773]
Event: 3.701 Thread 0x00007fa6409f0000 Exception <a 'java/lang/NoSuchMethodError'{0x00000007875c08f8}: 'java.lang.Object java.lang.invoke.DirectMethodHandle$Holder.invokeStatic(java.lang.Object, java.lang.Object, long)'> (0x00000007875c08f8) thrown at [./src/hotspot/share/interpreter/linkResolver.cpp, line 773]
Event: 3.701 Thread 0x00007fa6409f0000 Exception <a 'java/lang/NoSuchMethodError'{0x00000007875c6a70}: 'java.lang.Object java.lang.invoke.Invokers$Holder.linkToTargetMethod(java.lang.Object, long, java.lang.Object)'> (0x00000007875c6a70) thrown at [./src/hotspot/share/interpreter/linkResolver.cpp, line 773]
Event: 3.702 Thread 0x00007fa642228000 Exception <a 'java/lang/NoSuchMethodError'{0x00000007875f7090}: 'int java.lang.invoke.DirectMethodHandle$Holder.invokeStaticInit(java.lang.Object, java.lang.Object)'> (0x00000007875f7090) thrown at [./src/hotspot/share/interpreter/linkResolver.cpp, line 773]
Event: 4.174 Thread 0x00007fa6409f0000 Exception <a 'java/lang/NoSuchMethodError'{0x00000007871d9b38}: 'java.lang.Object java.lang.invoke.DirectMethodHandle$Holder.invokeStatic(java.lang.Object, java.lang.Object, long, int, int, int)'> (0x00000007871d9b38) thrown at [./src/hotspot/share/interpreter/linkResolver.cpp, line 773]
Event: 4.177 Thread 0x00007fa6409f0000 Exception <a 'java/lang/NoSuchMethodError'{0x00000007871ed840}: 'java.lang.Object java.lang.invoke.DirectMethodHandle$Holder.invokeStatic(java.lang.Object, java.lang.Object, int, java.lang.Object, long, int, int, int, int)'> (0x00000007871ed840) thrown at [./src/hotspot/share/interpreter/linkResolver.cpp, line 773]
Event: 5.821 Thread 0x00007fa6409f0000 Implicit null exception at 0x00000001152e8896 to 0x00000001152ee390
Event: 6.289 Thread 0x00007fa6409f0000 Exception <a 'java/lang/NoSuchMethodError'{0x0000000787ee0130}: 'int java.lang.invoke.DirectMethodHandle$Holder.invokeSpecialIFC(java.lang.Object, java.lang.Object, int)'> (0x0000000787ee0130) thrown at [./src/hotspot/share/interpreter/linkResolver.cpp, line 773]
Event: 6.326 Thread 0x00007fa6409f0000 Exception <a 'java/lang/NoClassDefFoundError'{0x0000000787c042e0}: com/sun/jna/Platform> (0x0000000787c042e0) thrown at [./src/hotspot/share/classfile/systemDictionary.cpp, line 219]
Event: 6.365 Thread 0x00007fa6409f0000 Exception <a 'java/lang/NoSuchMethodError'{0x0000000787b0f590}: 'java.lang.Object java.lang.invoke.DirectMethodHandle$Holder.invokeStaticInit(java.lang.Object, java.lang.Object, long, java.lang.Object)'> (0x0000000787b0f590) thrown at [./src/hotspot/share/interpreter/linkResolver.cpp, line 773]
Event: 6.370 Thread 0x00007fa6409f0000 Exception <a 'java/lang/NoClassDefFoundError'{0x0000000787b365c8}: com/sun/jna/Platform> (0x0000000787b365c8) thrown at [./src/hotspot/share/classfile/systemDictionary.cpp, line 219]

Events (20 events):
Event: 6.516 loading class com/zaxxer/hikari/pool/ProxyConnection$ClosedConnection
Event: 6.516 loading class com/zaxxer/hikari/pool/ProxyConnection$ClosedConnection done
Event: 6.531 loading class org/mariadb/jdbc/internal/com/send/parameters/IntParameter
Event: 6.531 loading class org/mariadb/jdbc/internal/com/send/parameters/IntParameter done
Event: 6.578 Thread 0x00007fa640c0d800 Thread added: 0x00007fa640c0d800
Event: 6.578 Protecting memory [0x000070000ffd5000,0x000070000ffd9000] with protection modes 0
Event: 6.578 Executing VM operation: RevokeBias
Event: 6.578 Executing VM operation: RevokeBias done
Event: 6.582 Executing VM operation: RevokeBias
Event: 6.582 Executing VM operation: RevokeBias done
Event: 7.406 loading class org/jgrapht/Graphs
Event: 7.407 loading class org/jgrapht/Graphs done
Event: 7.409 loading class org/jgrapht/graph/specifics/UndirectedEdgeContainer
Event: 7.409 loading class org/jgrapht/graph/specifics/UndirectedEdgeContainer done
Event: 7.409 loading class org/jgrapht/util/ArrayUnenforcedSet
Event: 7.409 loading class org/jgrapht/util/ArrayUnenforcedSet done
Event: 7.507 loading class it/polito/tdp/extflightdelays/model/Rotta
Event: 7.507 loading class it/polito/tdp/extflightdelays/model/Rotta done
Event: 7.534 loading class java/util/ComparableTimSort
Event: 7.534 loading class java/util/ComparableTimSort done


Dynamic libraries:
0x0000000100869000 	/Library/Java/JavaVirtualMachines/temurin-11.jdk/Contents/Home/lib/jli/libjli.dylib
0x00007ff831a28000 	/System/Library/Frameworks/Cocoa.framework/Versions/A/Cocoa
0x00007ff81d899000 	/System/Library/Frameworks/AppKit.framework/Versions/C/AppKit
0x00007ff820d95000 	/System/Library/Frameworks/CoreData.framework/Versions/A/CoreData
0x00007ff81bcb0000 	/System/Library/Frameworks/Foundation.framework/Versions/C/Foundation
0x00007ff825b5d000 	/usr/lib/libSystem.B.dylib
0x00007ff81e72b000 	/System/Library/PrivateFrameworks/UIFoundation.framework/Versions/A/UIFoundation
0x00007ff82b9d4000 	/System/Library/PrivateFrameworks/RemoteViewServices.framework/Versions/A/RemoteViewServices
0x00007ff823dbf000 	/System/Library/PrivateFrameworks/XCTTargetBootstrap.framework/Versions/A/XCTTargetBootstrap
0x00007ff82796d000 	/System/Library/PrivateFrameworks/InternationalSupport.framework/Versions/A/InternationalSupport
0x00007ff8279f7000 	/System/Library/PrivateFrameworks/UserActivity.framework/Versions/A/UserActivity
0x00007ff826d4d000 	/usr/lib/libspindump.dylib
0x00007ff81e9b9000 	/System/Library/Frameworks/UniformTypeIdentifiers.framework/Versions/A/UniformTypeIdentifiers
0x00007ff8224f8000 	/usr/lib/libapp_launch_measurement.dylib
0x00007ff821761000 	/System/Library/PrivateFrameworks/CoreAnalytics.framework/Versions/A/CoreAnalytics
0x00007ff8224fb000 	/System/Library/PrivateFrameworks/CoreAutoLayout.framework/Versions/A/CoreAutoLayout
0x00007ff82371b000 	/System/Library/Frameworks/Metal.framework/Versions/A/Metal
0x00007ff824435000 	/usr/lib/liblangid.dylib
0x00007ff823dc3000 	/System/Library/PrivateFrameworks/CoreSVG.framework/Versions/A/CoreSVG
0x00007ff81fd80000 	/System/Library/PrivateFrameworks/SkyLight.framework/Versions/A/SkyLight
0x00007ff820116000 	/System/Library/Frameworks/CoreGraphics.framework/Versions/A/CoreGraphics
0x00007ff82c043000 	/System/Library/Frameworks/Accelerate.framework/Versions/A/Accelerate
0x00007ff8267c8000 	/System/Library/PrivateFrameworks/IconServices.framework/Versions/A/IconServices
0x00007ff823700000 	/System/Library/Frameworks/IOSurface.framework/Versions/A/IOSurface
0x00007ff82178f000 	/usr/lib/libDiagnosticMessagesClient.dylib
0x00007ff825a7d000 	/usr/lib/libz.1.dylib
0x00007ff82f6b4000 	/System/Library/Frameworks/ApplicationServices.framework/Versions/A/ApplicationServices
0x00007ff823dab000 	/System/Library/PrivateFrameworks/DFRFoundation.framework/Versions/A/DFRFoundation
0x00007ff81d18a000 	/usr/lib/libicucore.A.dylib
0x00007ff828692000 	/System/Library/Frameworks/AudioToolbox.framework/Versions/A/AudioToolbox
0x00007ff827979000 	/System/Library/PrivateFrameworks/DataDetectorsCore.framework/Versions/A/DataDetectorsCore
0x00007ff9232d1000 	/System/Library/PrivateFrameworks/TextInput.framework/Versions/A/TextInput
0x00007ff81fd04000 	/usr/lib/libMobileGestalt.dylib
0x00007ff823ab3000 	/System/Library/Frameworks/Carbon.framework/Versions/A/Frameworks/HIToolbox.framework/Versions/A/HIToolbox
0x00007ff821f25000 	/System/Library/Frameworks/QuartzCore.framework/Versions/A/QuartzCore
0x00007ff81ce2a000 	/System/Library/Frameworks/Security.framework/Versions/A/Security
0x00007ff82ba0c000 	/System/Library/Frameworks/Carbon.framework/Versions/A/Frameworks/SpeechRecognition.framework/Versions/A/SpeechRecognition
0x00007ff822258000 	/System/Library/PrivateFrameworks/CoreUI.framework/Versions/A/CoreUI
0x00007ff81c702000 	/System/Library/Frameworks/CoreAudio.framework/Versions/A/CoreAudio
0x00007ff82187d000 	/System/Library/Frameworks/DiskArbitration.framework/Versions/A/DiskArbitration
0x00007ff827134000 	/System/Library/PrivateFrameworks/MultitouchSupport.framework/Versions/A/MultitouchSupport
0x00007ff81fd03000 	/usr/lib/libenergytrace.dylib
0x00007ff81d785000 	/System/Library/Frameworks/IOKit.framework/Versions/A/IOKit
0x00007ff82bdf8000 	/System/Library/Frameworks/CoreServices.framework/Versions/A/CoreServices
0x00007ff822492000 	/System/Library/PrivateFrameworks/PerformanceAnalysis.framework/Versions/A/PerformanceAnalysis
0x00007ffa32aa1000 	/System/Library/Frameworks/OpenGL.framework/Versions/A/OpenGL
0x00007ff8250aa000 	/System/Library/PrivateFrameworks/MobileKeyBag.framework/Versions/A/MobileKeyBag
0x00007ff81ac71000 	/usr/lib/libobjc.A.dylib
0x00007ff8207e2000 	/System/Library/Frameworks/ColorSync.framework/Versions/A/ColorSync
0x00007ff81ae2a000 	/System/Library/Frameworks/CoreFoundation.framework/Versions/A/CoreFoundation
0x00007ff82403c000 	/System/Library/Frameworks/CoreImage.framework/Versions/A/CoreImage
0x00007ff81c518000 	/System/Library/Frameworks/CoreText.framework/Versions/A/CoreText
0x00007ff823df2000 	/System/Library/Frameworks/ImageIO.framework/Versions/A/ImageIO
0x00007ff825b63000 	/System/Library/PrivateFrameworks/SoftLinking.framework/Versions/A/SoftLinking
0x00007ff822543000 	/usr/lib/libxml2.2.dylib
0x00007ff81ad37000 	/usr/lib/libc++.1.dylib
0x00007ff825de7000 	/usr/lib/libcompression.dylib
0x00007ff8278a3000 	/System/Library/PrivateFrameworks/TextureIO.framework/Versions/A/TextureIO
0x00007ff8264da000 	/usr/lib/libate.dylib
0x00007ff825b58000 	/usr/lib/system/libcache.dylib
0x00007ff825b14000 	/usr/lib/system/libcommonCrypto.dylib
0x00007ff825b3d000 	/usr/lib/system/libcompiler_rt.dylib
0x00007ff825b33000 	/usr/lib/system/libcopyfile.dylib
0x00007ff81ab6b000 	/usr/lib/system/libcorecrypto.dylib
0x00007ff81ac2a000 	/usr/lib/system/libdispatch.dylib
0x00007ff81ade9000 	/usr/lib/system/libdyld.dylib
0x00007ff825b4f000 	/usr/lib/system/libkeymgr.dylib
0x00007ff825af2000 	/usr/lib/system/libmacho.dylib
0x00007ff82517e000 	/usr/lib/system/libquarantine.dylib
0x00007ff825b4d000 	/usr/lib/system/libremovefile.dylib
0x00007ff81fd50000 	/usr/lib/system/libsystem_asl.dylib
0x00007ff81ab19000 	/usr/lib/system/libsystem_blocks.dylib
0x00007ff81acae000 	/usr/lib/system/libsystem_c.dylib
0x00007ff825b45000 	/usr/lib/system/libsystem_collections.dylib
0x00007ff824426000 	/usr/lib/system/libsystem_configuration.dylib
0x00007ff8236e3000 	/usr/lib/system/libsystem_containermanager.dylib
0x00007ff82582f000 	/usr/lib/system/libsystem_coreservices.dylib
0x00007ff81d413000 	/usr/lib/system/libsystem_darwin.dylib
0x00007ff825b50000 	/usr/lib/system/libsystem_dnssd.dylib
0x00007ff81acab000 	/usr/lib/system/libsystem_featureflags.dylib
0x00007ff81adff000 	/usr/lib/system/libsystem_info.dylib
0x00007ff825a90000 	/usr/lib/system/libsystem_m.dylib
0x00007ff81abfe000 	/usr/lib/system/libsystem_malloc.dylib
0x00007ff81fced000 	/usr/lib/system/libsystem_networkextension.dylib
0x00007ff81d83b000 	/usr/lib/system/libsystem_notify.dylib
0x00007ff82bccd000 	/usr/lib/system/libsystem_product_info_filter.dylib
0x00007ff82442a000 	/usr/lib/system/libsystem_sandbox.dylib
0x00007ff825b4a000 	/usr/lib/system/libsystem_secinit.dylib
0x00007ff81ada6000 	/usr/lib/system/libsystem_kernel.dylib
0x00007ff81adf5000 	/usr/lib/system/libsystem_platform.dylib
0x00007ff81addd000 	/usr/lib/system/libsystem_pthread.dylib
0x00007ff8215a8000 	/usr/lib/system/libsystem_symptoms.dylib
0x00007ff81ab52000 	/usr/lib/system/libsystem_trace.dylib
0x00007ff825b20000 	/usr/lib/system/libunwind.dylib
0x00007ff81ab1b000 	/usr/lib/system/libxpc.dylib
0x00007ff81ad90000 	/usr/lib/libc++abi.dylib
0x00007ff825b2b000 	/usr/lib/liboah.dylib
0x00007ff8262b8000 	/usr/lib/liblzma.5.dylib
0x00007ff81b9c1000 	/System/Library/Frameworks/SystemConfiguration.framework/Versions/A/SystemConfiguration
0x00007ff825b5f000 	/usr/lib/libfakelink.dylib
0x00007ff81f856000 	/System/Library/Frameworks/CFNetwork.framework/Versions/A/CFNetwork
0x00007ff825c9e000 	/usr/lib/libarchive.2.dylib
0x00007ff824431000 	/System/Library/PrivateFrameworks/AppleSystemInfo.framework/Versions/A/AppleSystemInfo
0x00007ff8251a5000 	/usr/lib/libbsm.0.dylib
0x00007ff81ee8c000 	/usr/lib/libnetwork.dylib
0x00007ff825af8000 	/usr/lib/system/libkxld.dylib
0x00007ff824dd3000 	/System/Library/PrivateFrameworks/IOMobileFramebuffer.framework/Versions/A/IOMobileFramebuffer
0x00007ffb308c6000 	/usr/lib/libCoreEntitlements.dylib
0x00007ff825811000 	/System/Library/PrivateFrameworks/AppleFSCompression.framework/Versions/A/AppleFSCompression
0x00007ff82518d000 	/usr/lib/libcoretls.dylib
0x00007ff8262d2000 	/usr/lib/libcoretls_cfhelpers.dylib
0x00007ff825de2000 	/usr/lib/libpam.2.dylib
0x00007ff8211ca000 	/usr/lib/libsqlite3.dylib
0x00007ff826341000 	/usr/lib/libxar.1.dylib
0x00007ff825821000 	/usr/lib/libbz2.1.0.dylib
0x00007ff825b64000 	/usr/lib/libpcap.A.dylib
0x00007ff82159f000 	/usr/lib/libdns_services.dylib
0x00007ff825db1000 	/usr/lib/libapple_nghttp2.dylib
0x00007ff825b9b000 	/usr/lib/libiconv.2.dylib
0x00007ff825af1000 	/usr/lib/libcharset.1.dylib
0x00007ff8224c6000 	/System/Library/Frameworks/CoreServices.framework/Versions/A/Frameworks/FSEvents.framework/Versions/A/FSEvents
0x00007ff81d41d000 	/System/Library/Frameworks/CoreServices.framework/Versions/A/Frameworks/CarbonCore.framework/Versions/A/CarbonCore
0x00007ff8217e2000 	/System/Library/Frameworks/CoreServices.framework/Versions/A/Frameworks/Metadata.framework/Versions/A/Metadata
0x00007ff825834000 	/System/Library/Frameworks/CoreServices.framework/Versions/A/Frameworks/OSServices.framework/Versions/A/OSServices
0x00007ff825d25000 	/System/Library/Frameworks/CoreServices.framework/Versions/A/Frameworks/SearchKit.framework/Versions/A/SearchKit
0x00007ff821531000 	/System/Library/Frameworks/CoreServices.framework/Versions/A/Frameworks/AE.framework/Versions/A/AE
0x00007ff81b32d000 	/System/Library/Frameworks/CoreServices.framework/Versions/A/Frameworks/LaunchServices.framework/Versions/A/LaunchServices
0x00007ff826269000 	/System/Library/Frameworks/CoreServices.framework/Versions/A/Frameworks/DictionaryServices.framework/Versions/A/DictionaryServices
0x00007ff8224d3000 	/System/Library/Frameworks/CoreServices.framework/Versions/A/Frameworks/SharedFileList.framework/Versions/A/SharedFileList
0x00007ff825181000 	/usr/lib/libCheckFix.dylib
0x00007ff81fd67000 	/System/Library/PrivateFrameworks/TCC.framework/Versions/A/TCC
0x00007ff824437000 	/System/Library/PrivateFrameworks/CoreNLP.framework/Versions/A/CoreNLP
0x00007ff821792000 	/System/Library/PrivateFrameworks/MetadataUtilities.framework/Versions/A/MetadataUtilities
0x00007ff81ba71000 	/usr/lib/libmecabra.dylib
0x00007ff8251b5000 	/usr/lib/libmecab.dylib
0x00007ff81ba3c000 	/usr/lib/libCRFSuite.dylib
0x00007ff825212000 	/usr/lib/libgermantok.dylib
0x00007ff825d8c000 	/usr/lib/libThaiTokenizer.dylib
0x00007ff821884000 	/System/Library/Frameworks/Accelerate.framework/Versions/A/Frameworks/vImage.framework/Versions/A/vImage
0x00007ff82bdcf000 	/System/Library/Frameworks/Accelerate.framework/Versions/A/Frameworks/vecLib.framework/Versions/A/vecLib
0x00007ff826382000 	/System/Library/Frameworks/Accelerate.framework/Versions/A/Frameworks/vecLib.framework/Versions/A/libvMisc.dylib
0x00007ff824bf1000 	/System/Library/Frameworks/Accelerate.framework/Versions/A/Frameworks/vecLib.framework/Versions/A/libvDSP.dylib
0x00007ff81b6a5000 	/System/Library/Frameworks/Accelerate.framework/Versions/A/Frameworks/vecLib.framework/Versions/A/libBLAS.dylib
0x00007ff825ec3000 	/System/Library/Frameworks/Accelerate.framework/Versions/A/Frameworks/vecLib.framework/Versions/A/libLAPACK.dylib
0x00007ff825215000 	/System/Library/Frameworks/Accelerate.framework/Versions/A/Frameworks/vecLib.framework/Versions/A/libLinearAlgebra.dylib
0x00007ff825dca000 	/System/Library/Frameworks/Accelerate.framework/Versions/A/Frameworks/vecLib.framework/Versions/A/libSparseBLAS.dylib
0x00007ff825ebd000 	/System/Library/Frameworks/Accelerate.framework/Versions/A/Frameworks/vecLib.framework/Versions/A/libQuadrature.dylib
0x00007ff824521000 	/System/Library/Frameworks/Accelerate.framework/Versions/A/Frameworks/vecLib.framework/Versions/A/libBNNS.dylib
0x00007ff81b952000 	/System/Library/Frameworks/Accelerate.framework/Versions/A/Frameworks/vecLib.framework/Versions/A/libSparse.dylib
0x00007ff82451a000 	/System/Library/PrivateFrameworks/LinguisticData.framework/Versions/A/LinguisticData
0x00007ff81b907000 	/System/Library/PrivateFrameworks/Lexicon.framework/Versions/A/Lexicon
0x00007ff82637b000 	/usr/lib/libChineseTokenizer.dylib
0x00007ff81c06b000 	/System/Library/PrivateFrameworks/LanguageModeling.framework/Versions/A/LanguageModeling
0x00007ff825d8e000 	/System/Library/PrivateFrameworks/AppleSauce.framework/Versions/A/AppleSauce
0x00007ff824dc1000 	/System/Library/PrivateFrameworks/CoreEmoji.framework/Versions/A/CoreEmoji
0x00007ff825c8d000 	/usr/lib/libcmph.dylib
0x00007ff8224aa000 	/System/Library/Frameworks/OpenDirectory.framework/Versions/A/Frameworks/CFOpenDirectory.framework/Versions/A/CFOpenDirectory
0x00007ff82249e000 	/System/Library/Frameworks/OpenDirectory.framework/Versions/A/OpenDirectory
0x00007ff8262d4000 	/System/Library/PrivateFrameworks/APFS.framework/Versions/A/APFS
0x00007ff8250e2000 	/System/Library/Frameworks/SecurityFoundation.framework/Versions/A/SecurityFoundation
0x00007ff82634f000 	/usr/lib/libutil.dylib
0x00007ff81d748000 	/System/Library/PrivateFrameworks/CoreServicesStore.framework/Versions/A/CoreServicesStore
0x00007ff826353000 	/usr/lib/libxslt.1.dylib
0x00007ff82516f000 	/System/Library/PrivateFrameworks/BackgroundTaskManagement.framework/Versions/A/BackgroundTaskManagement
0x00007ff8277c3000 	/System/Library/Frameworks/ImageIO.framework/Versions/A/Resources/libRadiance.dylib
0x00007ff8277cc000 	/System/Library/Frameworks/ImageIO.framework/Versions/A/Resources/libJPEG.dylib
0x00007ff82771c000 	/System/Library/Frameworks/ImageIO.framework/Versions/A/Resources/libPng.dylib
0x00007ff82773d000 	/System/Library/Frameworks/ImageIO.framework/Versions/A/Resources/libTIFF.dylib
0x00007ff82782c000 	/System/Library/Frameworks/ImageIO.framework/Versions/A/Resources/libGIF.dylib
0x00007ff82704d000 	/System/Library/Frameworks/ImageIO.framework/Versions/A/Resources/libJP2.dylib
0x00007ff82678f000 	/usr/lib/libexpat.1.dylib
0x00007ff827002000 	/System/Library/PrivateFrameworks/AppleJPEG.framework/Versions/A/AppleJPEG
0x00007ff823976000 	/System/Library/PrivateFrameworks/FontServices.framework/libFontParser.dylib
0x00007ff8214db000 	/System/Library/PrivateFrameworks/RunningBoardServices.framework/Versions/A/RunningBoardServices
0x00007ff831fa4000 	/System/Library/PrivateFrameworks/IOSurfaceAccelerator.framework/Versions/A/IOSurfaceAccelerator
0x00007ff827130000 	/System/Library/PrivateFrameworks/WatchdogClient.framework/Versions/A/WatchdogClient
0x00007ff81c15a000 	/System/Library/Frameworks/CoreDisplay.framework/Versions/A/CoreDisplay
0x00007ff823875000 	/System/Library/Frameworks/CoreMedia.framework/Versions/A/CoreMedia
0x00007ff823712000 	/System/Library/PrivateFrameworks/IOAccelerator.framework/Versions/A/IOAccelerator
0x00007ff822626000 	/System/Library/Frameworks/CoreVideo.framework/Versions/A/CoreVideo
0x00007ff825de0000 	/System/Library/Frameworks/MetalPerformanceShaders.framework/Versions/A/MetalPerformanceShaders
0x00007ff82716b000 	/System/Library/Frameworks/VideoToolbox.framework/Versions/A/VideoToolbox
0x00007ff821423000 	/System/Library/PrivateFrameworks/BaseBoard.framework/Versions/A/BaseBoard
0x00007ff8211b0000 	/System/Library/PrivateFrameworks/ProtocolBuffer.framework/Versions/A/ProtocolBuffer
0x00007ff8277bc000 	/System/Library/PrivateFrameworks/GPUWrangler.framework/Versions/A/GPUWrangler
0x00007ff82779f000 	/System/Library/PrivateFrameworks/IOPresentment.framework/Versions/A/IOPresentment
0x00007ff8277c6000 	/System/Library/PrivateFrameworks/DSExternalDisplay.framework/Versions/A/DSExternalDisplay
0x00007ffa32a95000 	/System/Library/Frameworks/OpenGL.framework/Versions/A/Libraries/libCoreFSCache.dylib
0x00007ffb1eb36000 	/System/Library/PrivateFrameworks/GPUCompiler.framework/Versions/31001/Libraries/libGPUCompilerUtils.dylib
0x00007ff827831000 	/System/Library/PrivateFrameworks/CMCaptureCore.framework/Versions/A/CMCaptureCore
0x00007ff826d3b000 	/System/Library/PrivateFrameworks/AppServerSupport.framework/Versions/A/AppServerSupport
0x00007ff828f18000 	/System/Library/PrivateFrameworks/perfdata.framework/Versions/A/perfdata
0x00007ff81c286000 	/System/Library/PrivateFrameworks/AudioToolboxCore.framework/Versions/A/AudioToolboxCore
0x00007ff823852000 	/System/Library/PrivateFrameworks/caulk.framework/Versions/A/caulk
0x00007ff82883c000 	/usr/lib/libAudioStatistics.dylib
0x00007ff91fb5f000 	/System/Library/PrivateFrameworks/SystemPolicy.framework/Versions/A/SystemPolicy
0x00007ff828a91000 	/usr/lib/libSMC.dylib
0x00007ff8318db000 	/System/Library/Frameworks/CoreMIDI.framework/Versions/A/CoreMIDI
0x00007ff8276ec000 	/usr/lib/libAudioToolboxUtility.dylib
0x00007ff91bf71000 	/System/Library/PrivateFrameworks/OSAServicesClient.framework/Versions/A/OSAServicesClient
0x00007ff828f25000 	/usr/lib/libperfcheck.dylib
0x00007ff9205f1000 	/usr/lib/libmis.dylib
0x00007ffa32af1000 	/System/Library/Frameworks/OpenGL.framework/Versions/A/Libraries/libGLU.dylib
0x00007ffa32ab4000 	/System/Library/Frameworks/OpenGL.framework/Versions/A/Libraries/libGFXShared.dylib
0x00007ffa32cc2000 	/System/Library/Frameworks/OpenGL.framework/Versions/A/Libraries/libGL.dylib
0x00007ffa32abd000 	/System/Library/Frameworks/OpenGL.framework/Versions/A/Libraries/libGLImage.dylib
0x00007ffa32ab1000 	/System/Library/Frameworks/OpenGL.framework/Versions/A/Libraries/libCVMSPluginSupport.dylib
0x00007ffa32a9c000 	/System/Library/Frameworks/OpenGL.framework/Versions/A/Libraries/libCoreVMClient.dylib
0x00007ff8243b5000 	/System/Library/Frameworks/MetalPerformanceShaders.framework/Versions/A/Frameworks/MPSCore.framework/Versions/A/MPSCore
0x00007ff82577c000 	/System/Library/Frameworks/MetalPerformanceShaders.framework/Versions/A/Frameworks/MPSImage.framework/Versions/A/MPSImage
0x00007ff82522b000 	/System/Library/Frameworks/MetalPerformanceShaders.framework/Versions/A/Frameworks/MPSNeuralNetwork.framework/Versions/A/MPSNeuralNetwork
0x00007ff8256a0000 	/System/Library/Frameworks/MetalPerformanceShaders.framework/Versions/A/Frameworks/MPSMatrix.framework/Versions/A/MPSMatrix
0x00007ff82545c000 	/System/Library/Frameworks/MetalPerformanceShaders.framework/Versions/A/Frameworks/MPSRayIntersector.framework/Versions/A/MPSRayIntersector
0x00007ff8256d9000 	/System/Library/Frameworks/MetalPerformanceShaders.framework/Versions/A/Frameworks/MPSNDArray.framework/Versions/A/MPSNDArray
0x00007ffa376b6000 	/System/Library/Frameworks/MetalPerformanceShaders.framework/Versions/A/Frameworks/MPSFunctions.framework/Versions/A/MPSFunctions
0x00007ff81b588000 	/System/Library/PrivateFrameworks/MetalTools.framework/Versions/A/MetalTools
0x00007ff82442f000 	/System/Library/PrivateFrameworks/AggregateDictionary.framework/Versions/A/AggregateDictionary
0x00007ff826571000 	/usr/lib/libIOReport.dylib
0x00007ffa340d1000 	/System/Library/Frameworks/OpenCL.framework/Versions/A/OpenCL
0x00007ff8268d5000 	/System/Library/PrivateFrameworks/FaceCore.framework/Versions/A/FaceCore
0x00007ff8268c6000 	/System/Library/PrivateFrameworks/GraphVisualizer.framework/Versions/A/GraphVisualizer
0x00007ffb1ea41000 	/System/Library/PrivateFrameworks/FontServices.framework/Versions/A/FontServices
0x00007ff826cf2000 	/System/Library/PrivateFrameworks/OTSVG.framework/Versions/A/OTSVG
0x00007ff82220e000 	/System/Library/Frameworks/ApplicationServices.framework/Versions/A/Frameworks/ATS.framework/Versions/A/Resources/libFontRegistry.dylib
0x00007ff826d43000 	/System/Library/PrivateFrameworks/FontServices.framework/libhvf.dylib
0x00007ffb1ea42000 	/System/Library/PrivateFrameworks/FontServices.framework/libXTFontStaticRegistryData.dylib
0x00007ff82673f000 	/System/Library/PrivateFrameworks/AppleVA.framework/Versions/A/AppleVA
0x00007ff828860000 	/System/Library/Frameworks/ApplicationServices.framework/Versions/A/Frameworks/ATS.framework/Versions/A/ATS
0x00007ff8208de000 	/System/Library/Frameworks/ApplicationServices.framework/Versions/A/Frameworks/HIServices.framework/Versions/A/HIServices
0x00007ff82783b000 	/System/Library/Frameworks/ApplicationServices.framework/Versions/A/Frameworks/PrintCore.framework/Versions/A/PrintCore
0x00007ff828be4000 	/System/Library/Frameworks/ApplicationServices.framework/Versions/A/Frameworks/QD.framework/Versions/A/QD
0x00007ff828bdc000 	/System/Library/Frameworks/ApplicationServices.framework/Versions/A/Frameworks/ColorSyncLegacy.framework/Versions/A/ColorSyncLegacy
0x00007ff828850000 	/System/Library/Frameworks/ApplicationServices.framework/Versions/A/Frameworks/SpeechSynthesis.framework/Versions/A/SpeechSynthesis
0x00007ff8277fc000 	/System/Library/Frameworks/ApplicationServices.framework/Versions/A/Frameworks/ATSUI.framework/Versions/A/ATSUI
0x00007ff828b71000 	/usr/lib/libcups.2.dylib
0x00007ff828f34000 	/System/Library/Frameworks/Kerberos.framework/Versions/A/Kerberos
0x00007ff828f43000 	/System/Library/Frameworks/GSS.framework/Versions/A/GSS
0x00007ff8288cc000 	/usr/lib/libresolv.9.dylib
0x00007ff826d52000 	/System/Library/PrivateFrameworks/Heimdal.framework/Versions/A/Heimdal
0x00007ff82fa31000 	/System/Library/Frameworks/Kerberos.framework/Versions/A/Libraries/libHeimdalProxy.dylib
0x00007ff8215b0000 	/System/Library/Frameworks/Network.framework/Versions/A/Network
0x00007ff8267a9000 	/usr/lib/libheimdal-asn1.dylib
0x00007ff828f8f000 	/System/Library/PrivateFrameworks/CommonAuth.framework/Versions/A/CommonAuth
0x00007ff8287cd000 	/System/Library/PrivateFrameworks/AudioSession.framework/Versions/A/AudioSession
0x00007ff826839000 	/System/Library/PrivateFrameworks/MediaExperience.framework/Versions/A/MediaExperience
0x00007ff828661000 	/System/Library/PrivateFrameworks/AudioSession.framework/libSessionUtility.dylib
0x00007ff828bf0000 	/System/Library/PrivateFrameworks/AudioResourceArbitration.framework/Versions/A/AudioResourceArbitration
0x00007ff82cbe2000 	/System/Library/PrivateFrameworks/PowerLog.framework/Versions/A/PowerLog
0x00007ff8267b2000 	/System/Library/PrivateFrameworks/IconFoundation.framework/Versions/A/IconFoundation
0x00007ff82b9fc000 	/System/Library/PrivateFrameworks/SpeechRecognitionCore.framework/Versions/A/SpeechRecognitionCore
0x0000000101630000 	/Library/Java/JavaVirtualMachines/temurin-11.jdk/Contents/Home/lib/server/libjvm.dylib
0x0000000100898000 	/Library/Java/JavaVirtualMachines/temurin-11.jdk/Contents/Home/lib/libverify.dylib
0x00000001008d5000 	/Library/Java/JavaVirtualMachines/temurin-11.jdk/Contents/Home/lib/libjava.dylib
0x00000001008a9000 	/Library/Java/JavaVirtualMachines/temurin-11.jdk/Contents/Home/lib/libjimage.dylib
0x00000001008c2000 	/Library/Java/JavaVirtualMachines/temurin-11.jdk/Contents/Home/lib/libzip.dylib
0x000000010137b000 	/Library/Java/JavaVirtualMachines/temurin-11.jdk/Contents/Home/lib/libnio.dylib
0x00000001013a7000 	/Library/Java/JavaVirtualMachines/temurin-11.jdk/Contents/Home/lib/libnet.dylib
0x000000010138e000 	/Users/valentina/.openjfx/cache/11/libprism_es2.dylib
0x00007ff81d709000 	/System/Library/PrivateFrameworks/CoreServicesInternal.framework/Versions/A/CoreServicesInternal
0x00007ffa32ccd000 	/System/Library/Frameworks/OpenGL.framework/Versions/A/Resources/GLEngine.bundle/GLEngine
0x00007ffa32b2f000 	/System/Library/Frameworks/OpenGL.framework/Versions/A/Libraries/libGLProgrammability.dylib
0x00007ffa2a801000 	/System/Library/Extensions/AppleIntelBDWGraphicsGLDriver.bundle/Contents/MacOS/AppleIntelBDWGraphicsGLDriver
0x00007ff92a4d5000 	/System/Library/PrivateFrameworks/GPUSupport.framework/Versions/A/Libraries/libGPUSupportMercury.dylib
0x00007ffa32e5c000 	/System/Library/Frameworks/OpenGL.framework/Versions/A/Resources/GLRendererFloat.bundle/GLRendererFloat
0x0000000104f05000 	/Users/valentina/.openjfx/cache/11/libglass.dylib
0x00007ff82d1d3000 	/System/Library/Frameworks/FileProvider.framework/Versions/A/FileProvider
0x00007ff82138f000 	/System/Library/Frameworks/Accounts.framework/Versions/A/Accounts
0x00007ff82d34b000 	/System/Library/PrivateFrameworks/GenerationalStorage.framework/Versions/A/GenerationalStorage
0x00007ff82de5d000 	/System/Library/PrivateFrameworks/CoreSymbolication.framework/Versions/A/CoreSymbolication
0x00007ff82cbd7000 	/System/Library/PrivateFrameworks/SymptomDiagnosticReporter.framework/Versions/A/SymptomDiagnosticReporter
0x00007ff81e9cd000 	/System/Library/PrivateFrameworks/DesktopServicesPriv.framework/Versions/A/DesktopServicesPriv
0x00007ff81d84a000 	/usr/lib/libsandbox.1.dylib
0x00007ff8226a5000 	/System/Library/PrivateFrameworks/UserManagement.framework/Versions/A/UserManagement
0x00007ff82de22000 	/System/Library/PrivateFrameworks/DebugSymbols.framework/Versions/A/DebugSymbols
0x00007ff828bd1000 	/System/Library/PrivateFrameworks/NetAuth.framework/Versions/A/NetAuth
0x00007ff829ac0000 	/System/Library/PrivateFrameworks/Sharing.framework/Versions/A/Sharing
0x00007ff822678000 	/System/Library/PrivateFrameworks/login.framework/Versions/A/Frameworks/loginsupport.framework/Versions/A/loginsupport
0x00007ff82ef63000 	/System/Library/PrivateFrameworks/Apple80211.framework/Versions/A/Apple80211
0x00007ff825861000 	/System/Library/PrivateFrameworks/AuthKit.framework/Versions/A/AuthKit
0x00007ff824eb7000 	/System/Library/PrivateFrameworks/CoreUtils.framework/Versions/A/CoreUtils
0x00007ff824dde000 	/System/Library/Frameworks/CoreWLAN.framework/Versions/A/CoreWLAN
0x00007ff829c1b000 	/System/Library/Frameworks/IOBluetooth.framework/Versions/A/IOBluetooth
0x00007ff82efcb000 	/System/Library/PrivateFrameworks/CoreWiFi.framework/Versions/A/CoreWiFi
0x00007ff82d9f7000 	/System/Library/PrivateFrameworks/FrontBoardServices.framework/Versions/A/FrontBoardServices
0x00007ff82da89000 	/System/Library/PrivateFrameworks/BoardServices.framework/Versions/A/BoardServices
0x00007ff8250d1000 	/System/Library/PrivateFrameworks/AssertionServices.framework/Versions/A/AssertionServices
0x00007ff82f14f000 	/System/Library/PrivateFrameworks/BackBoardServices.framework/Versions/A/BackBoardServices
0x00007ff82901e000 	/System/Library/PrivateFrameworks/CorePhoneNumbers.framework/Versions/A/CorePhoneNumbers
0x00007ff82ccf4000 	/System/Library/PrivateFrameworks/DiskManagement.framework/Versions/A/DiskManagement
0x00007ff82cc08000 	/System/Library/PrivateFrameworks/AppleIDAuthSupport.framework/Versions/A/AppleIDAuthSupport
0x00007ffa3966f000 	/System/Library/PrivateFrameworks/AAAFoundation.framework/Versions/A/AAAFoundation
0x00007ff828fff000 	/System/Library/PrivateFrameworks/KeychainCircle.framework/Versions/A/KeychainCircle
0x00007ff82ccc0000 	/System/Library/PrivateFrameworks/MediaKit.framework/Versions/A/MediaKit
0x00007ff82cc14000 	/System/Library/Frameworks/DiscRecording.framework/Versions/A/DiscRecording
0x00007ff8266b7000 	/usr/lib/libCoreStorage.dylib
0x00007ff82f43e000 	/usr/lib/libcsfde.dylib
0x00007ff829ce8000 	/System/Library/PrivateFrameworks/ProtectedCloudStorage.framework/Versions/A/ProtectedCloudStorage
0x00007ff82f43a000 	/System/Library/PrivateFrameworks/EFILogin.framework/Versions/A/EFILogin
0x00007ff82d371000 	/System/Library/PrivateFrameworks/OctagonTrust.framework/Versions/A/OctagonTrust
0x00007ffb1dd63000 	/System/Library/PrivateFrameworks/CoreUtilsExtras.framework/Versions/A/CoreUtilsExtras
0x00007ff82cb4a000 	/System/Library/Frameworks/CoreBluetooth.framework/Versions/A/CoreBluetooth
0x00007ff82fab6000 	/System/Library/Frameworks/AudioUnit.framework/Versions/A/AudioUnit
0x00007ff8266af000 	/usr/lib/libMatch.1.dylib
0x00007ff924a55000 	/System/Library/Frameworks/Accelerate.framework/Versions/A/Frameworks/vImage.framework/Versions/A/Libraries/libCGInterfaces.dylib
0x0000000123fd9000 	/usr/lib/libobjc-trampolines.dylib
0x00007ff82239e000 	/System/Library/PrivateFrameworks/ViewBridge.framework/Versions/A/ViewBridge
0x00007ff826579000 	/System/Library/PrivateFrameworks/CrashReporterSupport.framework/Versions/A/CrashReporterSupport
0x00007ff92c3c8000 	/System/Library/PrivateFrameworks/OSAnalytics.framework/Versions/A/OSAnalytics
0x00007ff937362000 	/System/Library/PrivateFrameworks/Symbolication.framework/Versions/A/Symbolication
0x00007ff9205ce000 	/System/Library/PrivateFrameworks/MallocStackLogging.framework/Versions/A/MallocStackLogging
0x0000000126a1c000 	/Users/valentina/.openjfx/cache/11/libjavafx_font.dylib
0x00007ff826e0c000 	/System/Library/PrivateFrameworks/login.framework/Versions/A/login
0x00007ffb309d8000 	/usr/lib/libRosetta.dylib
0x00007ff82c0c7000 	/System/Library/PrivateFrameworks/SystemAdministration.framework/Versions/A/SystemAdministration
0x00007ff827a63000 	/System/Library/Frameworks/MediaToolbox.framework/Versions/A/MediaToolbox
0x00007ff82b9c8000 	/System/Library/Frameworks/DirectoryService.framework/Versions/A/DirectoryService
0x00007ff82f2dc000 	/System/Library/PrivateFrameworks/DiskImages.framework/Versions/A/DiskImages
0x00007ff825179000 	/System/Library/Frameworks/ServiceManagement.framework/Versions/A/ServiceManagement
0x00007ff82f4b6000 	/System/Library/PrivateFrameworks/LoginUIKit.framework/Versions/A/Frameworks/LoginUICore.framework/Versions/A/LoginUICore
0x00007ff826fba000 	/usr/lib/libodfde.dylib
0x00007ff82d1a3000 	/System/Library/PrivateFrameworks/CoreAVCHD.framework/Versions/A/CoreAVCHD
0x00007ff82c08b000 	/System/Library/Frameworks/MediaAccessibility.framework/Versions/A/MediaAccessibility
0x00007ff82d19f000 	/System/Library/PrivateFrameworks/Mangrove.framework/Versions/A/Mangrove
0x00007ff82c096000 	/System/Library/PrivateFrameworks/AlgosScoreFramework.framework/Versions/A/AlgosScoreFramework
0x00007ffb1b1a8000 	/System/Library/PrivateFrameworks/CMPhoto.framework/Versions/A/CMPhoto
0x00007ff82dcf8000 	/System/Library/PrivateFrameworks/AppleVPA.framework/Versions/A/AppleVPA
0x00007ff82cde4000 	/System/Library/PrivateFrameworks/CoreAUC.framework/Versions/A/CoreAUC
0x00007ff82f44a000 	/usr/lib/libcurl.4.dylib
0x00007ff82f1a7000 	/usr/lib/libcrypto.44.dylib
0x00007ff82f2af000 	/usr/lib/libssl.46.dylib
0x00007ff82f16d000 	/System/Library/Frameworks/LDAP.framework/Versions/A/LDAP
0x00007ff82f1a5000 	/System/Library/PrivateFrameworks/TrustEvaluationAgent.framework/Versions/A/TrustEvaluationAgent
0x00007ff8288e5000 	/usr/lib/libsasl2.2.dylib
0x00007ff82c0bb000 	/System/Library/PrivateFrameworks/CoreDaemon.framework/Versions/B/CoreDaemon
0x00007ff82c0b6000 	/System/Library/PrivateFrameworks/AppleSRP.framework/Versions/A/AppleSRP
0x000000012bbeb000 	/Library/Java/JavaVirtualMachines/temurin-11.jdk/Contents/Home/lib/libextnet.dylib


VM Arguments:
jvm_args: -Dfile.encoding=UTF-8 
java_command: it.polito.tdp.extflightdelays.Main
java_class_path (initial): /Users/valentina/git/FlightDelays/target/classes:/Users/valentina/.m2/repository/org/openjfx/javafx-controls/11/javafx-controls-11.jar:/Users/valentina/.m2/repository/org/openjfx/javafx-controls/11/javafx-controls-11-mac.jar:/Users/valentina/.m2/repository/org/openjfx/javafx-graphics/11/javafx-graphics-11.jar:/Users/valentina/.m2/repository/org/openjfx/javafx-graphics/11/javafx-graphics-11-mac.jar:/Users/valentina/.m2/repository/org/openjfx/javafx-base/11/javafx-base-11.jar:/Users/valentina/.m2/repository/org/openjfx/javafx-base/11/javafx-base-11-mac.jar:/Users/valentina/.m2/repository/org/openjfx/javafx-fxml/11/javafx-fxml-11.jar:/Users/valentina/.m2/repository/org/openjfx/javafx-fxml/11/javafx-fxml-11-mac.jar:/Users/valentina/.m2/repository/com/zaxxer/HikariCP/3.4.2/HikariCP-3.4.2.jar:/Users/valentina/.m2/repository/org/jgrapht/jgrapht-core/1.5.1/jgrapht-core-1.5.1.jar:/Users/valentina/.m2/repository/org/jheaps/jheaps/0.13/jheaps-0.13.jar:/Users/valentina/.m2/repository/org/mariadb/jdbc/mariadb-java-client/2.5.4/mariadb-java-client-2.5.4.jar:/Users/valentina/.m2/repository/org/slf4j/slf4j-api/1.7.30/slf4j-api-1.7.30.jar:/Users/valentina/.m2/repository/org/slf4j/slf4j-simple/1.7.30/slf4j-simple-1.7.30.jar
Launcher Type: SUN_STANDARD

[Global flags]
     intx CICompilerCount                          = 3                                         {product} {ergonomic}
     uint ConcGCThreads                            = 1                                         {product} {ergonomic}
     uint G1ConcRefinementThreads                  = 4                                         {product} {ergonomic}
   size_t G1HeapRegionSize                         = 1048576                                   {product} {ergonomic}
    uintx GCDrainStackTargetSize                   = 64                                        {product} {ergonomic}
   size_t InitialHeapSize                          = 134217728                                 {product} {ergonomic}
   size_t MarkStackSize                            = 4194304                                   {product} {ergonomic}
   size_t MaxHeapSize                              = 2147483648                                {product} {ergonomic}
   size_t MaxNewSize                               = 1287651328                                {product} {ergonomic}
   size_t MinHeapDeltaBytes                        = 1048576                                   {product} {ergonomic}
    uintx NonNMethodCodeHeapSize                   = 5830732                                {pd product} {ergonomic}
    uintx NonProfiledCodeHeapSize                  = 122913754                              {pd product} {ergonomic}
    uintx ProfiledCodeHeapSize                     = 122913754                              {pd product} {ergonomic}
    uintx ReservedCodeCacheSize                    = 251658240                              {pd product} {ergonomic}
     bool SegmentedCodeCache                       = true                                      {product} {ergonomic}
     bool UseCompressedClassPointers               = true                                 {lp64_product} {ergonomic}
     bool UseCompressedOops                        = true                                 {lp64_product} {ergonomic}
     bool UseG1GC                                  = true                                      {product} {ergonomic}

Logging:
Log output configuration:
 #0: stdout all=warning uptime,level,tags
 #1: stderr all=off uptime,level,tags

Environment Variables:
PATH=/usr/bin:/bin:/usr/sbin:/sbin
SHELL=/bin/bash

Signal Handlers:
SIGSEGV: [libjvm.dylib+0x7c69d4], sa_mask[0]=11111111011111110111111111111111, sa_flags=SA_ONSTACK|SA_RESTART|SA_SIGINFO
SIGBUS: [libjvm.dylib+0x7c69d4], sa_mask[0]=11111111011111110111111111111111, sa_flags=SA_RESTART|SA_SIGINFO
SIGFPE: [libjvm.dylib+0x7c69d4], sa_mask[0]=11111111011111110111111111111111, sa_flags=SA_RESTART|SA_SIGINFO
SIGPIPE: [libjvm.dylib+0x62b2ae], sa_mask[0]=11111111011111110111111111111111, sa_flags=SA_RESTART|SA_SIGINFO
SIGXFSZ: [libjvm.dylib+0x62b2ae], sa_mask[0]=11111111011111110111111111111111, sa_flags=SA_RESTART|SA_SIGINFO
SIGILL: [libjvm.dylib+0x7c69d4], sa_mask[0]=11111111011111110111111111111111, sa_flags=SA_RESTART|SA_SIGINFO
SIGUSR2: [libjvm.dylib+0x62b895], sa_mask[0]=00100000000000000000000000000000, sa_flags=SA_RESTART|SA_SIGINFO
SIGHUP: [libjvm.dylib+0x62a477], sa_mask[0]=11111111011111110111111111111111, sa_flags=SA_RESTART|SA_SIGINFO
SIGINT: [libjvm.dylib+0x62a477], sa_mask[0]=11111111011111110111111111111111, sa_flags=SA_RESTART|SA_SIGINFO
SIGTERM: [libjvm.dylib+0x62a477], sa_mask[0]=11111111011111110111111111111111, sa_flags=SA_RESTART|SA_SIGINFO
SIGQUIT: [libjvm.dylib+0x62a477], sa_mask[0]=11111111011111110111111111111111, sa_flags=SA_RESTART|SA_SIGINFO


---------------  S Y S T E M  ---------------

OS:uname:Darwin 21.3.0 Darwin Kernel Version 21.3.0: Wed Jan  5 21:37:58 PST 2022; root:xnu-8019.80.24~20/RELEASE_X86_64 x86_64
OS uptime: 1 days 17:41 hours
rlimit (soft/hard): STACK 8192k/65532k , CORE 0k/infinity , NPROC 1392/2088 , NOFILE 10240/infinity , AS infinity/infinity , CPU infinity/infinity , DATA infinity/infinity , FSIZE infinity/infinity , MEMLOCK infinity/infinity , RSS infinity/infinity
load average:7.70 3.69 2.74

CPU:total 4 (initial active 4) (2 cores per cpu, 2 threads per core) family 6 model 61 stepping 4 microcode 0x2f, cmov, cx8, fxsr, mmx, sse, sse2, sse3, ssse3, sse4.1, sse4.2, popcnt, avx, avx2, aes, clmul, erms, 3dnowpref, lzcnt, ht, tsc, tscinvbit, bmi1, bmi2, adx, fma

Memory: 4k page, physical 8388608k(20984k free), swap 2097152k(1416960k free)

vm_info: OpenJDK 64-Bit Server VM (11.0.14.1+1) for bsd-amd64 JRE (11.0.14.1+1), built on Feb  8 2022 17:43:13 by "jenkins" with clang 4.2.1 Compatible Apple LLVM 10.0.1 (clang-1001.0.46.4)

END.
